0 info it worked if it ends with ok
1 verbose cli [ '/usr/local/bin/node',
1 verbose cli   '/Users/lodyborgers/.npm-packages/bin/npm',
1 verbose cli   'install',
1 verbose cli   '--save-dev',
1 verbose cli   'grunt-contrib-imagemin' ]
2 info using npm@3.8.7
3 info using node@v4.4.3
4 silly loadCurrentTree Starting
5 silly install loadCurrentTree
6 silly install readLocalPackageData
7 silly fetchPackageMetaData grunt-contrib-imagemin
8 silly fetchNamedPackageData grunt-contrib-imagemin
9 silly mapToRegistry name grunt-contrib-imagemin
10 silly mapToRegistry using default registry
11 silly mapToRegistry registry https://registry.npmjs.org/
12 silly mapToRegistry data Result {
12 silly mapToRegistry   raw: 'grunt-contrib-imagemin',
12 silly mapToRegistry   scope: null,
12 silly mapToRegistry   name: 'grunt-contrib-imagemin',
12 silly mapToRegistry   rawSpec: '',
12 silly mapToRegistry   spec: 'latest',
12 silly mapToRegistry   type: 'tag' }
13 silly mapToRegistry uri https://registry.npmjs.org/grunt-contrib-imagemin
14 verbose request uri https://registry.npmjs.org/grunt-contrib-imagemin
15 verbose request no auth needed
16 info attempt registry request try #1 at 9:22:25 PM
17 verbose request id 2de472cd65380caf
18 verbose etag "EZ55H0O7JDZCAPR80GK1C30H1"
19 http request GET https://registry.npmjs.org/grunt-contrib-imagemin
20 info retry will retry, error on last attempt: Error: getaddrinfo ENOTFOUND registry.npmjs.org registry.npmjs.org:443
21 info attempt registry request try #2 at 9:22:35 PM
22 verbose etag "EZ55H0O7JDZCAPR80GK1C30H1"
23 http request GET https://registry.npmjs.org/grunt-contrib-imagemin
24 info retry will retry, error on last attempt: Error: getaddrinfo ENOTFOUND registry.npmjs.org registry.npmjs.org:443
25 info attempt registry request try #3 at 9:23:35 PM
26 verbose etag "EZ55H0O7JDZCAPR80GK1C30H1"
27 http request GET https://registry.npmjs.org/grunt-contrib-imagemin
28 silly get cb [ 304, undefined ]
29 verbose etag https://registry.npmjs.org/grunt-contrib-imagemin from cache
30 verbose get saving grunt-contrib-imagemin to /Users/lodyborgers/.npm/registry.npmjs.org/grunt-contrib-imagemin/.cache.json
31 verbose correctMkdir /Users/lodyborgers/.npm correctMkdir not in flight; initializing
32 silly install normalizeTree
33 silly loadCurrentTree Finishing
34 silly loadIdealTree Starting
35 silly install loadIdealTree
36 silly cloneCurrentTree Starting
37 silly install cloneCurrentTreeToIdealTree
38 silly cloneCurrentTree Finishing
39 silly loadShrinkwrap Starting
40 silly install loadShrinkwrap
41 silly loadShrinkwrap Finishing
42 silly loadAllDepsIntoIdealTree Starting
43 silly install loadAllDepsIntoIdealTree
44 silly resolveWithNewModule grunt-contrib-imagemin@1.0.1 checking installable status
45 silly cache add args [ 'grunt-contrib-imagemin', null ]
46 verbose cache add spec grunt-contrib-imagemin
47 silly cache add parsed spec Result {
47 silly cache add   raw: 'grunt-contrib-imagemin',
47 silly cache add   scope: null,
47 silly cache add   name: 'grunt-contrib-imagemin',
47 silly cache add   rawSpec: '',
47 silly cache add   spec: 'latest',
47 silly cache add   type: 'tag' }
48 silly addNamed grunt-contrib-imagemin@latest
49 verbose addNamed "latest" is being treated as a dist-tag for grunt-contrib-imagemin
50 info addNameTag [ 'grunt-contrib-imagemin', 'latest' ]
51 silly mapToRegistry name grunt-contrib-imagemin
52 silly mapToRegistry using default registry
53 silly mapToRegistry registry https://registry.npmjs.org/
54 silly mapToRegistry data Result {
54 silly mapToRegistry   raw: 'grunt-contrib-imagemin',
54 silly mapToRegistry   scope: null,
54 silly mapToRegistry   name: 'grunt-contrib-imagemin',
54 silly mapToRegistry   rawSpec: '',
54 silly mapToRegistry   spec: 'latest',
54 silly mapToRegistry   type: 'tag' }
55 silly mapToRegistry uri https://registry.npmjs.org/grunt-contrib-imagemin
56 verbose addNameTag registry:https://registry.npmjs.org/grunt-contrib-imagemin not in flight; fetching
57 verbose get https://registry.npmjs.org/grunt-contrib-imagemin not expired, no request
58 silly addNameTag next cb for grunt-contrib-imagemin with tag latest
59 silly addNamed grunt-contrib-imagemin@1.0.1
60 verbose addNamed "1.0.1" is a plain semver version for grunt-contrib-imagemin
61 silly mapToRegistry name grunt-contrib-imagemin
62 silly mapToRegistry using default registry
63 silly mapToRegistry registry https://registry.npmjs.org/
64 silly mapToRegistry data Result {
64 silly mapToRegistry   raw: 'grunt-contrib-imagemin',
64 silly mapToRegistry   scope: null,
64 silly mapToRegistry   name: 'grunt-contrib-imagemin',
64 silly mapToRegistry   rawSpec: '',
64 silly mapToRegistry   spec: 'latest',
64 silly mapToRegistry   type: 'tag' }
65 silly mapToRegistry uri https://registry.npmjs.org/grunt-contrib-imagemin
66 verbose addRemoteTarball https://registry.npmjs.org/grunt-contrib-imagemin/-/grunt-contrib-imagemin-1.0.1.tgz not in flight; adding
67 verbose addRemoteTarball [ 'https://registry.npmjs.org/grunt-contrib-imagemin/-/grunt-contrib-imagemin-1.0.1.tgz',
67 verbose addRemoteTarball   'e47a35613376f4caa9c1f90446503cae1c944d79' ]
68 info retry fetch attempt 1 at 9:23:37 PM
69 info attempt registry request try #1 at 9:23:37 PM
70 http fetch GET https://registry.npmjs.org/grunt-contrib-imagemin/-/grunt-contrib-imagemin-1.0.1.tgz
71 info retry will retry, error on last attempt: Error: getaddrinfo ENOTFOUND registry.npmjs.org registry.npmjs.org:443
72 info attempt registry request try #2 at 9:23:47 PM
73 http fetch GET https://registry.npmjs.org/grunt-contrib-imagemin/-/grunt-contrib-imagemin-1.0.1.tgz
74 info retry will retry, error on last attempt: Error: getaddrinfo ENOTFOUND registry.npmjs.org registry.npmjs.org:443
75 info attempt registry request try #3 at 9:24:47 PM
76 http fetch GET https://registry.npmjs.org/grunt-contrib-imagemin/-/grunt-contrib-imagemin-1.0.1.tgz
77 error fetch failed https://registry.npmjs.org/grunt-contrib-imagemin/-/grunt-contrib-imagemin-1.0.1.tgz
78 warn retry will retry, error on last attempt: Error: getaddrinfo ENOTFOUND registry.npmjs.org registry.npmjs.org:443
79 info retry fetch attempt 2 at 9:24:57 PM
80 info attempt registry request try #1 at 9:24:57 PM
81 http fetch GET https://registry.npmjs.org/grunt-contrib-imagemin/-/grunt-contrib-imagemin-1.0.1.tgz
82 info retry will retry, error on last attempt: Error: getaddrinfo ENOTFOUND registry.npmjs.org registry.npmjs.org:443
83 info attempt registry request try #2 at 9:25:07 PM
84 http fetch GET https://registry.npmjs.org/grunt-contrib-imagemin/-/grunt-contrib-imagemin-1.0.1.tgz
85 info retry will retry, error on last attempt: Error: getaddrinfo ENOTFOUND registry.npmjs.org registry.npmjs.org:443
86 info attempt registry request try #3 at 9:26:07 PM
87 http fetch GET https://registry.npmjs.org/grunt-contrib-imagemin/-/grunt-contrib-imagemin-1.0.1.tgz
88 error fetch failed https://registry.npmjs.org/grunt-contrib-imagemin/-/grunt-contrib-imagemin-1.0.1.tgz
89 warn retry will retry, error on last attempt: Error: getaddrinfo ENOTFOUND registry.npmjs.org registry.npmjs.org:443
90 info retry fetch attempt 3 at 9:27:07 PM
91 info attempt registry request try #1 at 9:27:07 PM
92 http fetch GET https://registry.npmjs.org/grunt-contrib-imagemin/-/grunt-contrib-imagemin-1.0.1.tgz
93 info retry will retry, error on last attempt: Error: getaddrinfo ENOTFOUND registry.npmjs.org registry.npmjs.org:443
94 info attempt registry request try #2 at 9:27:17 PM
95 http fetch GET https://registry.npmjs.org/grunt-contrib-imagemin/-/grunt-contrib-imagemin-1.0.1.tgz
96 info retry will retry, error on last attempt: Error: getaddrinfo ENOTFOUND registry.npmjs.org registry.npmjs.org:443
97 info attempt registry request try #3 at 9:28:17 PM
98 http fetch GET https://registry.npmjs.org/grunt-contrib-imagemin/-/grunt-contrib-imagemin-1.0.1.tgz
99 error fetch failed https://registry.npmjs.org/grunt-contrib-imagemin/-/grunt-contrib-imagemin-1.0.1.tgz
100 silly rollbackFailedOptional Starting
101 silly rollbackFailedOptional Finishing
102 silly runTopLevelLifecycles Starting
103 silly runTopLevelLifecycles Finishing
104 silly install printInstalled
105 verbose stack Error: getaddrinfo ENOTFOUND registry.npmjs.org registry.npmjs.org:443
105 verbose stack     at errnoException (dns.js:27:10)
105 verbose stack     at GetAddrInfoReqWrap.onlookup [as oncomplete] (dns.js:78:26)
106 verbose cwd /Applications/MAMP/htdocs/contentcalendar
107 error Darwin 15.6.0
108 error argv "/usr/local/bin/node" "/Users/lodyborgers/.npm-packages/bin/npm" "install" "--save-dev" "grunt-contrib-imagemin"
109 error node v4.4.3
110 error npm  v3.8.7
111 error code ENOTFOUND
112 error errno ENOTFOUND
113 error syscall getaddrinfo
114 error network getaddrinfo ENOTFOUND registry.npmjs.org registry.npmjs.org:443
115 error network This is most likely not a problem with npm itself
115 error network and is related to network connectivity.
115 error network In most cases you are behind a proxy or have bad network settings.
115 error network
115 error network If you are behind a proxy, please make sure that the
115 error network 'proxy' config is set properly.  See: 'npm help config'
116 verbose exit [ 1, true ]
